  [4;36;1mSQL (0.2ms)[0m   [0;1mSET SQL_AUTO_IS_NULL=0[0m


Processing SecurityTestController#index (for 127.0.0.1 at 2010-04-13 16:12:08) [GET]
***********Node Loop*./app/controllers/application_controller.rb*************
---------/app\/controllers\/application_controller.rb/------------
----------------Start1
------------------------------
s(:call, nil, :helper, s(:arglist, s(:lit, :all)))
Sexp
:helper
nil
./app/controllers/application_controller.rb
:call
------------------------------
***********Node Loop*./app/controllers/application_controller.rb*************
---------/app\/controllers\/application_controller.rb/------------
----------------Start1
------------------------------
s(:call, nil, :protect_from_forgery, s(:arglist))
Sexp
:protect_from_forgery
nil
./app/controllers/application_controller.rb
:call
------------------------------
***********Node Loop*./app/controllers/security_test_controller.rb*************
---------/app\/controllers\/application_controller.rb/------------
***********Node Loop*./config/boot.rb*************
---------/app\/controllers\/application_controller.rb/------------
***********Node Loop*./config/boot.rb*************
---------/app\/controllers\/application_controller.rb/------------
***********Node Loop*./config/boot.rb*************
---------/app\/controllers\/application_controller.rb/------------
***********Node Loop*./config/boot.rb*************
---------/app\/controllers\/application_controller.rb/------------
***********Node Loop*./config/boot.rb*************
---------/app\/controllers\/application_controller.rb/------------
***********Node Loop*./config/boot.rb*************
---------/app\/controllers\/application_controller.rb/------------
***********Node Loop*./config/boot.rb*************
---------/app\/controllers\/application_controller.rb/------------
***********Node Loop*./config/boot.rb*************
---------/app\/controllers\/application_controller.rb/------------
***********Node Loop*./config/boot.rb*************
---------/app\/controllers\/application_controller.rb/------------
***********Node Loop*./config/boot.rb*************
---------/app\/controllers\/application_controller.rb/------------
***********Node Loop*./config/boot.rb*************
---------/app\/controllers\/application_controller.rb/------------
***********Node Loop*./config/boot.rb*************
---------/app\/controllers\/application_controller.rb/------------
***********Node Loop*./config/boot.rb*************
---------/app\/controllers\/application_controller.rb/------------
***********Node Loop*./config/boot.rb*************
---------/app\/controllers\/application_controller.rb/------------
***********Node Loop*./config/boot.rb*************
---------/app\/controllers\/application_controller.rb/------------
***********Node Loop*./config/boot.rb*************
---------/app\/controllers\/application_controller.rb/------------
***********Node Loop*./config/boot.rb*************
---------/app\/controllers\/application_controller.rb/------------
***********Node Loop*./config/boot.rb*************
---------/app\/controllers\/application_controller.rb/------------
***********Node Loop*./config/boot.rb*************
---------/app\/controllers\/application_controller.rb/------------
***********Node Loop*./config/boot.rb*************
---------/app\/controllers\/application_controller.rb/------------
***********Node Loop*./config/boot.rb*************
---------/app\/controllers\/application_controller.rb/------------
***********Node Loop*./config/boot.rb*************
---------/app\/controllers\/application_controller.rb/------------
***********Node Loop*./config/boot.rb*************
---------/app\/controllers\/application_controller.rb/------------
***********Node Loop*./config/boot.rb*************
---------/app\/controllers\/application_controller.rb/------------
***********Node Loop*./config/boot.rb*************
---------/app\/controllers\/application_controller.rb/------------
***********Node Loop*./config/boot.rb*************
---------/app\/controllers\/application_controller.rb/------------
***********Node Loop*./config/boot.rb*************
---------/app\/controllers\/application_controller.rb/------------
***********Node Loop*./config/boot.rb*************
---------/app\/controllers\/application_controller.rb/------------
***********Node Loop*./config/boot.rb*************
---------/app\/controllers\/application_controller.rb/------------
***********Node Loop*./config/boot.rb*************
---------/app\/controllers\/application_controller.rb/------------
***********Node Loop*./config/boot.rb*************
---------/app\/controllers\/application_controller.rb/------------
***********Node Loop*./config/boot.rb*************
---------/app\/controllers\/application_controller.rb/------------
***********Node Loop*./config/boot.rb*************
---------/app\/controllers\/application_controller.rb/------------
***********Node Loop*./config/boot.rb*************
---------/app\/controllers\/application_controller.rb/------------
***********Node Loop*./config/boot.rb*************
---------/app\/controllers\/application_controller.rb/------------
***********Node Loop*./config/boot.rb*************
---------/app\/controllers\/application_controller.rb/------------
***********Node Loop*./config/boot.rb*************
---------/app\/controllers\/application_controller.rb/------------
***********Node Loop*./config/boot.rb*************
---------/app\/controllers\/application_controller.rb/------------
***********Node Loop*./config/boot.rb*************
---------/app\/controllers\/application_controller.rb/------------
***********Node Loop*./config/boot.rb*************
---------/app\/controllers\/application_controller.rb/------------
***********Node Loop*./config/boot.rb*************
---------/app\/controllers\/application_controller.rb/------------
***********Node Loop*./config/boot.rb*************
---------/app\/controllers\/application_controller.rb/------------
***********Node Loop*./config/environment.rb*************
---------/app\/controllers\/application_controller.rb/------------
***********Node Loop*./config/environment.rb*************
---------/app\/controllers\/application_controller.rb/------------
***********Node Loop*./config/environment.rb*************
---------/app\/controllers\/application_controller.rb/------------
***********Node Loop*./config/environment.rb*************
---------/app\/controllers\/application_controller.rb/------------
***********Node Loop*./config/environments/development.rb*************
---------/app\/controllers\/application_controller.rb/------------
***********Node Loop*./config/environments/development.rb*************
---------/app\/controllers\/application_controller.rb/------------
***********Node Loop*./config/environments/development.rb*************
---------/app\/controllers\/application_controller.rb/------------
***********Node Loop*./config/environments/development.rb*************
---------/app\/controllers\/application_controller.rb/------------
***********Node Loop*./config/environments/development.rb*************
---------/app\/controllers\/application_controller.rb/------------
***********Node Loop*./config/environments/development.rb*************
---------/app\/controllers\/application_controller.rb/------------
***********Node Loop*./config/environments/development.rb*************
---------/app\/controllers\/application_controller.rb/------------
***********Node Loop*./config/environments/development.rb*************
---------/app\/controllers\/application_controller.rb/------------
***********Node Loop*./config/environments/development.rb*************
---------/app\/controllers\/application_controller.rb/------------
***********Node Loop*./config/environments/development.rb*************
---------/app\/controllers\/application_controller.rb/------------
***********Node Loop*./config/environments/production.rb*************
---------/app\/controllers\/application_controller.rb/------------
***********Node Loop*./config/environments/production.rb*************
---------/app\/controllers\/application_controller.rb/------------
***********Node Loop*./config/environments/production.rb*************
---------/app\/controllers\/application_controller.rb/------------
***********Node Loop*./config/environments/production.rb*************
---------/app\/controllers\/application_controller.rb/------------
***********Node Loop*./config/environments/production.rb*************
---------/app\/controllers\/application_controller.rb/------------
***********Node Loop*./config/environments/production.rb*************
---------/app\/controllers\/application_controller.rb/------------
***********Node Loop*./config/environments/production.rb*************
---------/app\/controllers\/application_controller.rb/------------
***********Node Loop*./config/environments/test.rb*************
---------/app\/controllers\/application_controller.rb/------------
***********Node Loop*./config/environments/test.rb*************
---------/app\/controllers\/application_controller.rb/------------
***********Node Loop*./config/environments/test.rb*************
---------/app\/controllers\/application_controller.rb/------------
***********Node Loop*./config/environments/test.rb*************
---------/app\/controllers\/application_controller.rb/------------
***********Node Loop*./config/environments/test.rb*************
---------/app\/controllers\/application_controller.rb/------------
***********Node Loop*./config/environments/test.rb*************
---------/app\/controllers\/application_controller.rb/------------
***********Node Loop*./config/environments/test.rb*************
---------/app\/controllers\/application_controller.rb/------------
***********Node Loop*./config/environments/test.rb*************
---------/app\/controllers\/application_controller.rb/------------
***********Node Loop*./config/environments/test.rb*************
---------/app\/controllers\/application_controller.rb/------------
***********Node Loop*./config/environments/test.rb*************
---------/app\/controllers\/application_controller.rb/------------
***********Node Loop*./config/environments/test.rb*************
---------/app\/controllers\/application_controller.rb/------------
***********Node Loop*./config/environments/test.rb*************
---------/app\/controllers\/application_controller.rb/------------
***********Node Loop*./config/initializers/cross_site_request_forgery.rb*************
---------/app\/controllers\/application_controller.rb/------------
***********Node Loop*./config/initializers/cross_site_request_forgery.rb*************
---------/app\/controllers\/application_controller.rb/------------
***********Node Loop*./config/initializers/cross_site_request_forgery.rb*************
---------/app\/controllers\/application_controller.rb/------------
***********Node Loop*./config/initializers/cross_site_request_forgery.rb*************
---------/app\/controllers\/application_controller.rb/------------
***********Node Loop*./config/initializers/cross_site_request_forgery.rb*************
---------/app\/controllers\/application_controller.rb/------------
***********Node Loop*./config/initializers/cross_site_request_forgery.rb*************
---------/app\/controllers\/application_controller.rb/------------
***********Node Loop*./config/initializers/cross_site_request_forgery.rb*************
---------/app\/controllers\/application_controller.rb/------------
***********Node Loop*./config/initializers/cross_site_request_forgery.rb*************
---------/app\/controllers\/application_controller.rb/------------
***********Node Loop*./config/initializers/cross_site_request_forgery.rb*************
---------/app\/controllers\/application_controller.rb/------------
***********Node Loop*./config/initializers/cross_site_request_forgery.rb*************
---------/app\/controllers\/application_controller.rb/------------
***********Node Loop*./config/initializers/cross_site_request_forgery.rb*************
---------/app\/controllers\/application_controller.rb/------------
***********Node Loop*./config/initializers/cross_site_request_forgery.rb*************
---------/app\/controllers\/application_controller.rb/------------
***********Node Loop*./config/initializers/cross_site_request_forgery.rb*************
---------/app\/controllers\/application_controller.rb/------------
***********Node Loop*./config/initializers/cross_site_request_forgery.rb*************
---------/app\/controllers\/application_controller.rb/------------
***********Node Loop*./config/initializers/cross_site_request_forgery.rb*************
---------/app\/controllers\/application_controller.rb/------------
***********Node Loop*./config/initializers/cross_site_request_forgery.rb*************
---------/app\/controllers\/application_controller.rb/------------
***********Node Loop*./config/initializers/cross_site_request_forgery.rb*************
---------/app\/controllers\/application_controller.rb/------------
***********Node Loop*./config/initializers/cross_site_request_forgery.rb*************
---------/app\/controllers\/application_controller.rb/------------
***********Node Loop*./config/initializers/cross_site_request_forgery.rb*************
---------/app\/controllers\/application_controller.rb/------------
***********Node Loop*./config/initializers/cross_site_request_forgery.rb*************
---------/app\/controllers\/application_controller.rb/------------
***********Node Loop*./config/routes.rb*************
---------/app\/controllers\/application_controller.rb/------------
***********Node Loop*./config/routes.rb*************
---------/app\/controllers\/application_controller.rb/------------
***********Node Loop*./config/routes.rb*************
---------/app\/controllers\/application_controller.rb/------------
***********Node Loop*./config/routes.rb*************
---------/app\/controllers\/application_controller.rb/------------
***********Node Loop*./config/routes.rb*************
---------/app\/controllers\/application_controller.rb/------------
***********Node Loop*./lib/rbp_commons.rb*************
---------/app\/controllers\/application_controller.rb/------------
***********Node Loop*./lib/rbp_commons.rb*************
---------/app\/controllers\/application_controller.rb/------------
***********Node Loop*./lib/rbp_commons.rb*************
---------/app\/controllers\/application_controller.rb/------------
***********Node Loop*./lib/rbp_commons.rb*************
---------/app\/controllers\/application_controller.rb/------------
***********Node Loop*./lib/rbp_commons.rb*************
---------/app\/controllers\/application_controller.rb/------------
***********Node Loop*./lib/rbp_commons.rb*************
---------/app\/controllers\/application_controller.rb/------------
***********Node Loop*./lib/rbp_commons.rb*************
---------/app\/controllers\/application_controller.rb/------------
***********Node Loop*./lib/rbp_commons.rb*************
---------/app\/controllers\/application_controller.rb/------------
***********Node Loop*./lib/rbp_commons.rb*************
---------/app\/controllers\/application_controller.rb/------------
***********Node Loop*./lib/rbp_commons.rb*************
---------/app\/controllers\/application_controller.rb/------------
***********Node Loop*./lib/rbp_commons.rb*************
---------/app\/controllers\/application_controller.rb/------------
***********Node Loop*./lib/rbp_commons.rb*************
---------/app\/controllers\/application_controller.rb/------------
***********Node Loop*./lib/rbp_commons.rb*************
---------/app\/controllers\/application_controller.rb/------------
***********Node Loop*./lib/rbp_commons.rb*************
---------/app\/controllers\/application_controller.rb/------------
***********Node Loop*./lib/rbp_commons.rb*************
---------/app\/controllers\/application_controller.rb/------------
***********Node Loop*./lib/rbp_commons.rb*************
---------/app\/controllers\/application_controller.rb/------------
***********Node Loop*./lib/rbp_commons.rb*************
---------/app\/controllers\/application_controller.rb/------------
***********Node Loop*./lib/rbp_commons.rb*************
---------/app\/controllers\/application_controller.rb/------------
***********Node Loop*./lib/rbp_commons.rb*************
---------/app\/controllers\/application_controller.rb/------------
***********Node Loop*./lib/rbp_commons.rb*************
---------/app\/controllers\/application_controller.rb/------------
***********Node Loop*./lib/rbp_commons.rb*************
---------/app\/controllers\/application_controller.rb/------------
***********Node Loop*./lib/rbp_commons.rb*************
---------/app\/controllers\/application_controller.rb/------------
***********Node Loop*./lib/rbp_commons.rb*************
---------/app\/controllers\/application_controller.rb/------------
***********Node Loop*./lib/rbp_commons.rb*************
---------/app\/controllers\/application_controller.rb/------------
***********Node Loop*./lib/rbp_commons.rb*************
---------/app\/controllers\/application_controller.rb/------------
***********Node Loop*./lib/rbp_commons.rb*************
---------/app\/controllers\/application_controller.rb/------------
***********Node Loop*./lib/rbp_commons.rb*************
---------/app\/controllers\/application_controller.rb/------------
***********Node Loop*./lib/rbp_commons.rb*************
---------/app\/controllers\/application_controller.rb/------------
***********Node Loop*./lib/rbp_commons.rb*************
---------/app\/controllers\/application_controller.rb/------------
***********Node Loop*./lib/rbp_commons.rb*************
---------/app\/controllers\/application_controller.rb/------------
***********Node Loop*./lib/rbp_commons.rb*************
---------/app\/controllers\/application_controller.rb/------------
***********Node Loop*./lib/rbp_commons.rb*************
---------/app\/controllers\/application_controller.rb/------------
***********Node Loop*./lib/rbp_commons.rb*************
---------/app\/controllers\/application_controller.rb/------------
***********Node Loop*./lib/rbp_commons.rb*************
---------/app\/controllers\/application_controller.rb/------------
***********Node Loop*./lib/rbp_commons.rb*************
---------/app\/controllers\/application_controller.rb/------------
***********Node Loop*./lib/rbp_commons.rb*************
---------/app\/controllers\/application_controller.rb/------------
***********Node Loop*./lib/rbp_commons.rb*************
---------/app\/controllers\/application_controller.rb/------------
***********Node Loop*./lib/rbp_commons.rb*************
---------/app\/controllers\/application_controller.rb/------------
***********Node Loop*./lib/rbp_fu.rb*************
---------/app\/controllers\/application_controller.rb/------------
***********Node Loop*./lib/rbp_fu.rb*************
---------/app\/controllers\/application_controller.rb/------------
***********Node Loop*./lib/rbp_fu.rb*************
---------/app\/controllers\/application_controller.rb/------------
***********Node Loop*./lib/rbp_fu.rb*************
---------/app\/controllers\/application_controller.rb/------------
***********Node Loop*./lib/rbp_fu.rb*************
---------/app\/controllers\/application_controller.rb/------------
***********Node Loop*./lib/rbp_fu.rb*************
---------/app\/controllers\/application_controller.rb/------------
***********Node Loop*./lib/rbp_fu.rb*************
---------/app\/controllers\/application_controller.rb/------------
***********Node Loop*./lib/rbp_fu.rb*************
---------/app\/controllers\/application_controller.rb/------------
***********Node Loop*./lib/rbp_fu.rb*************
---------/app\/controllers\/application_controller.rb/------------
Rendering security_test/index
Completed in 467ms (View: 7, DB: 0) | 200 OK [http://localhost/]
